info it worked if it ends with ok
verbose cli [ 'node', '/usr/local/bin/npm', 'publish' ]
info using npm@1.1.0
info using node@v0.6.6
verbose config file /home/raynos/.npmrc
verbose config file /usr/local/etc/npmrc
verbose config file /usr/local/lib/node_modules/npm/npmrc
verbose publish [ '.' ]
verbose cache add [ '.', null ]
silly cache add: name, spec, args [ undefined, '.', [ '.', null ] ]
verbose parsed url { pathname: '.', path: '.', href: '.' }
ERR! Could not install: .
ERR! Failed to parse json
ERR! Unexpected token 
ERR! File: package.json
ERR! JSON.parse Failed to parse package.json data.
ERR! JSON.parse package.json must be actual JSON, not just JavaScript.
ERR! JSON.parse This is not a bug in npm.
ERR! JSON.parse Tell the package author to fix their package.json file.
ERR! 
ERR! System Linux 3.0.0-16-generic
ERR! command "node" "/usr/local/bin/npm" "publish"
ERR! cwd /home/raynos/Documents/pd
ERR! node -v v0.6.6
ERR! npm -v 1.1.0
ERR! file package.json
ERR! code EJSONPARSE
ERR! message Failed to parse json
ERR! message Unexpected token 
ERR! errno {}
verbose exit [ 1, true ]
